<?xml version="1.0" encoding="UTF-8"?>
<testsuite xmlns:xsi="http://www.w3.org/2001/XMLSchema-instance" xsi:noNamespaceSchemaLocation="https://maven.apache.org/surefire/maven-surefire-plugin/xsd/surefire-test-report.xsd" name="com.featurespace.runner.ApiRunner" time="4.451" tests="3" errors="3" skipped="0" failures="0">
  <properties>
[...]
</properties>
  <testcase name="(Negative) The user sends an invalid get request" classname="Query the postcode" time="2.217">
    <error message="Illegal character in authority at index 7: http://api.postcodes.ioBC0 3AF" type="java.net.URISyntaxException">java.net.URISyntaxException: Illegal character in authority at index 7: http://api.postcodes.ioBC0 3AF
</error>
    <system-err><![CDATA[Sep 22, 2021 8:44:49 PM io.cucumber.junit.Cucumber <init>
WARNING: By default Cucumber is running in --non-strict mode.
This default will change to --strict and --non-strict will be removed.
You can use --strict or @CucumberOptions(strict = true) to suppress this warning
]]></system-err>
  </testcase>
  <testcase name="(Negative) The user sends an invalid get request" classname="Query the postcode" time="0.023">
    <error message="Illegal character in authority at index 7: http://api.postcodes.ioEN3 8UY" type="java.net.URISyntaxException">java.net.URISyntaxException: Illegal character in authority at index 7: http://api.postcodes.ioEN3 8UY
</error>
  </testcase>
  <testcase name="(Negative) The user sends an invalid get request" classname="Query the postcode" time="0.02">
    <error message="Illegal character in authority at index 7: http://api.postcodes.ioBC3 0FA" type="java.net.URISyntaxException">java.net.URISyntaxException: Illegal character in authority at index 7: http://api.postcodes.ioBC3 0FA
</error>
  </testcase>
</testsuite>